00:04:14.000 WARN  [File:UserService.java] [Func:createUser] [Line:45] [Message:service]- service
00:12:53.320 WARN  [File:UserDao.java] [Func:createUser] [Line:38] [Message:시작]- 시작
00:16:56.477 WARN  [File:UserDao.java] [Func:createUser] [Line:38] [Message:시작]- 시작
00:19:30.851 WARN  [File:UserDao.java] [Func:createUser] [Line:38] [Message:시작]- 시작
00:21:21.667 WARN  [File:UserDao.java] [Func:createUser] [Line:38] [Message:시작]- 시작
00:21:21.669 WARN  [File:UserDao.java] [Func:createUser] [Line:41] [Message:41]- 41
00:21:21.670 WARN  [File:UserDao.java] [Func:createUser] [Line:43] [Message:42]- 42
00:21:21.671 WARN  [File:UserDao.java] [Func:createUser] [Line:45] [Message:43]- 43
00:24:46.728 WARN  [File:UserDao.java] [Func:createUser] [Line:38] [Message:시작]- 시작
00:24:46.738 WARN  [File:UserDao.java] [Func:createUser] [Line:41] [Message:41]- 41
00:24:46.738 WARN  [File:UserDao.java] [Func:createUser] [Line:43] [Message:42]- 42
00:24:46.739 WARN  [File:UserDao.java] [Func:createUser] [Line:45] [Message:43]- 43
01:01:26.300 WARN  [File:UserService.java] [Func:createUser] [Line:68] [Message:김병지]- 김병지
12:19:35.986 WARN  [File:TestController.java] [Func:getAll] [Line:35] [Message:Warn Level 테스트]- Warn Level 테스트
12:19:35.987 ERROR [File:TestController.java] [Func:getAll] [Line:38] [Message:ERROR Level 테스트]- ERROR Level 테스트
14:45:14.621 WARN  [File:UserProvider.java] [Func:logIn] [Line:47] [Message:byeongji!90]- byeongji!90
14:45:28.078 WARN  [File:UserProvider.java] [Func:logIn] [Line:47] [Message:byeongji!90]- byeongji!90
14:48:56.353 WARN  [File:UserProvider.java] [Func:logIn] [Line:47] [Message:byeongji!90]- byeongji!90
14:50:47.637 WARN  [File:UserProvider.java] [Func:logIn] [Line:47] [Message:byeongji!90]- byeongji!90
14:50:47.639 WARN  [File:UserProvider.java] [Func:logIn] [Line:53] [Message:byeongji!90]- byeongji!90
15:07:10.588 WARN  [File:UserProvider.java] [Func:logIn] [Line:47] [Message:oz0KvEUljwNwNKS962Cj7g==]- oz0KvEUljwNwNKS962Cj7g==
15:07:10.588 WARN  [File:UserProvider.java] [Func:logIn] [Line:48] [Message:byeongji!90]- byeongji!90
15:07:10.588 WARN  [File:UserProvider.java] [Func:logIn] [Line:54] [Message:byeongji!90]- byeongji!90
15:08:15.822 WARN  [File:UserProvider.java] [Func:logIn] [Line:47] [Message:5NZyoryoyJ4GajJN0Drw3g==]- 5NZyoryoyJ4GajJN0Drw3g==
15:08:15.823 WARN  [File:UserProvider.java] [Func:logIn] [Line:48] [Message:JoonHee!90]- JoonHee!90
15:08:15.823 WARN  [File:UserProvider.java] [Func:logIn] [Line:54] [Message:JoonHee!90]- JoonHee!90
15:38:22.832 WARN  [File:UserProvider.java] [Func:logIn] [Line:47] [Message:5NZyoryoyJ4GajJN0Drw3g==]- 5NZyoryoyJ4GajJN0Drw3g==
15:38:22.833 WARN  [File:UserProvider.java] [Func:logIn] [Line:48] [Message:JoonHee!90]- JoonHee!90
15:38:22.833 WARN  [File:UserProvider.java] [Func:logIn] [Line:54] [Message:JoonHee!90]- JoonHee!90
19:57:16.220 WARN  [File:UserProvider.java] [Func:logIn] [Line:47] [Message:oz0KvEUljwNwNKS962Cj7g==]- oz0KvEUljwNwNKS962Cj7g==
19:57:16.221 WARN  [File:UserProvider.java] [Func:logIn] [Line:48] [Message:byeongji!90]- byeongji!90
19:57:16.221 WARN  [File:UserProvider.java] [Func:logIn] [Line:49] [Message:byeongji!90]- byeongji!90
20:04:56.710 WARN  [File:UserController.java] [Func:logIn] [Line:134] [Message:김병지]- 김병지
20:05:34.554 WARN  [File:UserController.java] [Func:logIn] [Line:134] [Message:김병지]- 김병지
20:05:34.555 WARN  [File:UserController.java] [Func:logIn] [Line:135] [Message:false]- false
20:07:33.765 WARN  [File:UserController.java] [Func:logIn] [Line:134] [Message:김병지]- 김병지
20:07:33.765 WARN  [File:UserController.java] [Func:logIn] [Line:135] [Message:true]- true
20:08:21.389 WARN  [File:UserController.java] [Func:logIn] [Line:134] [Message:김병지]- 김병지
20:08:21.389 WARN  [File:UserController.java] [Func:logIn] [Line:135] [Message:true]- true
20:08:21.437 WARN  [File:UserProvider.java] [Func:logIn] [Line:47] [Message:oz0KvEUljwNwNKS962Cj7g==]- oz0KvEUljwNwNKS962Cj7g==
20:08:21.437 WARN  [File:UserProvider.java] [Func:logIn] [Line:48] [Message:byeongji!90]- byeongji!90
20:08:21.437 WARN  [File:UserProvider.java] [Func:logIn] [Line:49] [Message:byeongji!90]- byeongji!90
20:08:36.371 WARN  [File:UserController.java] [Func:logIn] [Line:134] [Message:김병지]- 김병지
20:08:36.372 WARN  [File:UserController.java] [Func:logIn] [Line:135] [Message:true]- true
20:09:27.926 WARN  [File:UserController.java] [Func:logIn] [Line:134] [Message:김준희]- 김준희
20:09:27.926 WARN  [File:UserController.java] [Func:logIn] [Line:135] [Message:true]- true
20:09:27.950 WARN  [File:UserProvider.java] [Func:logIn] [Line:47] [Message:5NZyoryoyJ4GajJN0Drw3g==]- 5NZyoryoyJ4GajJN0Drw3g==
20:09:27.950 WARN  [File:UserProvider.java] [Func:logIn] [Line:48] [Message:JoonHee!90]- JoonHee!90
20:09:27.951 WARN  [File:UserProvider.java] [Func:logIn] [Line:49] [Message:JoonHee!90]- JoonHee!90
20:11:29.864 WARN  [File:UserController.java] [Func:logIn] [Line:134] [Message:김준희]- 김준희
20:11:29.865 WARN  [File:UserController.java] [Func:logIn] [Line:135] [Message:true]- true
20:48:45.053 WARN  [File:UserController.java] [Func:logIn] [Line:134] [Message:김준희]- 김준희
20:48:45.053 WARN  [File:UserController.java] [Func:logIn] [Line:135] [Message:true]- true
20:48:45.109 WARN  [File:UserProvider.java] [Func:logIn] [Line:47] [Message:5NZyoryoyJ4GajJN0Drw3g==]- 5NZyoryoyJ4GajJN0Drw3g==
20:48:45.110 WARN  [File:UserProvider.java] [Func:logIn] [Line:48] [Message:JoonHee!90]- JoonHee!90
20:48:45.110 WARN  [File:UserProvider.java] [Func:logIn] [Line:49] [Message:JoonHee!90]- JoonHee!90
20:48:48.594 WARN  [File:UserController.java] [Func:logIn] [Line:134] [Message:김준희]- 김준희
20:48:48.595 WARN  [File:UserController.java] [Func:logIn] [Line:135] [Message:true]- true
20:48:54.453 WARN  [File:UserController.java] [Func:logIn] [Line:134] [Message:김준희]- 김준희
20:48:54.453 WARN  [File:UserController.java] [Func:logIn] [Line:135] [Message:true]- true
20:48:57.943 WARN  [File:UserController.java] [Func:logIn] [Line:134] [Message:김준희]- 김준희
20:48:57.943 WARN  [File:UserController.java] [Func:logIn] [Line:135] [Message:true]- true
20:48:57.976 WARN  [File:UserProvider.java] [Func:logIn] [Line:47] [Message:5NZyoryoyJ4GajJN0Drw3g==]- 5NZyoryoyJ4GajJN0Drw3g==
20:48:57.976 WARN  [File:UserProvider.java] [Func:logIn] [Line:48] [Message:JoonHee!90]- JoonHee!90
20:48:57.976 WARN  [File:UserProvider.java] [Func:logIn] [Line:49] [Message:JoonHee!90]- JoonHee!90
20:49:01.591 WARN  [File:UserController.java] [Func:logIn] [Line:134] [Message:김준희]- 김준희
20:49:01.591 WARN  [File:UserController.java] [Func:logIn] [Line:135] [Message:true]- true
